<?xml version="1.0" encoding="UTF-8"?>
<testsuite name="com.sistema.domain.EmailTest" tests="4" skipped="0" failures="0" errors="0" timestamp="2025-12-07T01:22:29.213Z" hostname="MAQUINA" time="0.007">
  <properties/>
  <testcase name="shouldCreateValidEmail()" classname="com.sistema.domain.EmailTest" time="0.002"/>
  <testcase name="shouldThrowExceptionForInvalidEmail()" classname="com.sistema.domain.EmailTest" time="0.001"/>
  <testcase name="shouldThrowExceptionForEmptyEmail()" classname="com.sistema.domain.EmailTest" time="0.001"/>
  <testcase name="shouldThrowExceptionForNullEmail()" classname="com.sistema.domain.EmailTest" time="0.001"/>
  <system-out><![CDATA[]]></system-out>
  <system-err><![CDATA[]]></system-err>
</testsuite>
