<?xml version="1.0" encoding="UTF-8"?>
<testsuite name="com.sistema.service.PersonServiceTest" tests="12" skipped="0" failures="0" errors="0" timestamp="2025-12-07T01:23:42.980Z" hostname="MAQUINA" time="0.017">
  <properties/>
  <testcase name="shouldFailEarlyWhenFindingWithNullId()" classname="com.sistema.service.PersonServiceTest" time="0.002"/>
  <testcase name="shouldFindPersonById()" classname="com.sistema.service.PersonServiceTest" time="0.001"/>
  <testcase name="shouldFindAllPersons()" classname="com.sistema.service.PersonServiceTest" time="0.001"/>
  <testcase name="shouldThrowExceptionWhenCreatingDuplicatePerson()" classname="com.sistema.service.PersonServiceTest" time="0.001"/>
  <testcase name="shouldCreatePerson()" classname="com.sistema.service.PersonServiceTest" time="0.0"/>
  <testcase name="shouldThrowExceptionWhenDeletingNonExistentPerson()" classname="com.sistema.service.PersonServiceTest" time="0.001"/>
  <testcase name="shouldThrowExceptionWhenPersonNotFound()" classname="com.sistema.service.PersonServiceTest" time="0.001"/>
  <testcase name="shouldThrowExceptionWhenUpdatingNonExistentPerson()" classname="com.sistema.service.PersonServiceTest" time="0.001"/>
  <testcase name="shouldFailEarlyWhenCreatingNullPerson()" classname="com.sistema.service.PersonServiceTest" time="0.001"/>
  <testcase name="shouldUpdatePerson()" classname="com.sistema.service.PersonServiceTest" time="0.001"/>
  <testcase name="shouldDeletePerson()" classname="com.sistema.service.PersonServiceTest" time="0.001"/>
  <testcase name="shouldFailEarlyWhenDeletingWithNullId()" classname="com.sistema.service.PersonServiceTest" time="0.001"/>
  <system-out><![CDATA[]]></system-out>
  <system-err><![CDATA[]]></system-err>
</testsuite>
