<?xml version="1.0" encoding="UTF-8"?>
<testsuite name="com.sistema.domain.AgeTest" tests="4" skipped="0" failures="0" errors="0" timestamp="2025-12-07T01:22:29.180Z" hostname="MAQUINA" time="0.027">
  <properties/>
  <testcase name="shouldThrowExceptionForTooOldAge()" classname="com.sistema.domain.AgeTest" time="0.02"/>
  <testcase name="shouldCreateValidAge()" classname="com.sistema.domain.AgeTest" time="0.002"/>
  <testcase name="shouldThrowExceptionForNegativeAge()" classname="com.sistema.domain.AgeTest" time="0.001"/>
  <testcase name="shouldAcceptBoundaryAges()" classname="com.sistema.domain.AgeTest" time="0.004"/>
  <system-out><![CDATA[]]></system-out>
  <system-err><![CDATA[]]></system-err>
</testsuite>
