<?xml version="1.0" encoding="UTF-8"?>
<testsuite name="com.sistema.service.PersonServiceFailureTest" tests="3" skipped="0" failures="0" errors="0" timestamp="2025-12-07T01:23:42.974Z" hostname="MAQUINA" time="0.005">
  <properties/>
  <testcase name="shouldWrapOverloadFailureAsSystemFailureExceptionOnDelete()" classname="com.sistema.service.PersonServiceFailureTest" time="0.002"/>
  <testcase name="shouldWrapNetworkFailureAsSystemFailureExceptionOnFindAll()" classname="com.sistema.service.PersonServiceFailureTest" time="0.001"/>
  <testcase name="shouldWrapTimeoutFailureAsSystemFailureExceptionOnCreate()" classname="com.sistema.service.PersonServiceFailureTest" time="0.001"/>
  <system-out><![CDATA[]]></system-out>
  <system-err><![CDATA[]]></system-err>
</testsuite>
