<?xml version="1.0" encoding="UTF-8"?>
<testsuite xmlns:xsi="http://www.w3.org/2001/XMLSchema-instance" xsi:noNamespaceSchemaLocation="https://maven.apache.org/surefire/maven-surefire-plugin/xsd/surefire-test-report-3.0.xsd" version="3.0" name="com.sistema.property.PersonPropertyTest" time="0.538" tests="2" errors="0" skipped="0" failures="0">
  <properties>
[...]
</properties>
  <testcase name="updatedPersonKeepsSameId" classname="com.sistema.property.PersonPropertyTest" time="0.387">
    <system-out><![CDATA[timestamp = 2025-12-06T21:21:06.886981200, PersonPropertyTest:updatedPersonKeepsSameId = 
                              |-----------------------jqwik-----------------------
tries = 1000                  | # of calls to property
checks = 1000                 | # of not rejected calls
generation = RANDOMIZED       | parameters are randomly generated
after-failure = SAMPLE_FIRST  | try previously failed sample, then previous seed
when-fixed-seed = ALLOW       | fixing the random seed is allowed
edge-cases#mode = MIXIN       | edge cases are mixed in
edge-cases#total = 1000       | # of all combined edge cases
edge-cases#tried = 173        | # of edge cases tried in current run
seed = 1401679928183598795    | random seed to reproduce generated values


]]></system-out>
  </testcase>
  <testcase name="personCreatedCanAlwaysBeFound" classname="com.sistema.property.PersonPropertyTest" time="0.15">
    <system-out><![CDATA[timestamp = 2025-12-06T21:21:07.035419700, PersonPropertyTest:personCreatedCanAlwaysBeFound = 
                              |-----------------------jqwik-----------------------
tries = 1000                  | # of calls to property
checks = 1000                 | # of not rejected calls
generation = RANDOMIZED       | parameters are randomly generated
after-failure = SAMPLE_FIRST  | try previously failed sample, then previous seed
when-fixed-seed = ALLOW       | fixing the random seed is allowed
edge-cases#mode = MIXIN       | edge cases are mixed in
edge-cases#total = 1000       | # of all combined edge cases
edge-cases#tried = 157        | # of edge cases tried in current run
seed = -5378269461214495410   | random seed to reproduce generated values


]]></system-out>
  </testcase>
</testsuite>